0 info it worked if it ends with ok
1 verbose cli [ 'F:\\node\\node.exe',
1 verbose cli   'F:\\node\\node_modules\\npm\\bin\\npm-cli.js',
1 verbose cli   'run',
1 verbose cli   'test' ]
2 info using npm@3.10.10
3 info using node@v6.10.3
4 verbose run-script [ 'pretest', 'test', 'posttest' ]
5 info lifecycle express@1.0.0~pretest: express@1.0.0
6 silly lifecycle express@1.0.0~pretest: no script for pretest, continuing
7 info lifecycle express@1.0.0~test: express@1.0.0
8 verbose lifecycle express@1.0.0~test: unsafe-perm in lifecycle true
9 verbose lifecycle express@1.0.0~test: PATH: F:\node\node_modules\npm\bin\node-gyp-bin;E:\视频\web\untitled2\placeA\express\node_modules\.bin;C:\Windows\system32;C:\Windows;C:\Windows\System32\Wbem;C:\Windows\System32\WindowsPowerShell\v1.0\;E:\svn\bin;E:\svn客户端\bin;F:;nodejs\;F:\node;C:\Users\lenovo\AppData\Local\Microsoft\WindowsApps;E:\视频\Microsoft VS Code\bin;C:\Users\lenovo\AppData\Roaming\npm;F:\Mong DB3.2.4\bin;F:\node\node_modules\npm;F:\node
10 verbose lifecycle express@1.0.0~test: CWD: E:\视频\web\untitled2\placeA\express
11 silly lifecycle express@1.0.0~test: Args: [ '/d /s /c', 'echo "Error: no test specified" && exit 1' ]
12 silly lifecycle express@1.0.0~test: Returned: code: 1  signal: null
13 info lifecycle express@1.0.0~test: Failed to exec test script
14 verbose stack Error: express@1.0.0 test: `echo "Error: no test specified" && exit 1`
14 verbose stack Exit status 1
14 verbose stack     at EventEmitter.<anonymous> (F:\node\node_modules\npm\lib\utils\lifecycle.js:255:16)
14 verbose stack     at emitTwo (events.js:106:13)
14 verbose stack     at EventEmitter.emit (events.js:191:7)
14 verbose stack     at ChildProcess.<anonymous> (F:\node\node_modules\npm\lib\utils\spawn.js:40:14)
14 verbose stack     at emitTwo (events.js:106:13)
14 verbose stack     at ChildProcess.emit (events.js:191:7)
14 verbose stack     at maybeClose (internal/child_process.js:886:16)
14 verbose stack     at Process.ChildProcess._handle.onexit (internal/child_process.js:226:5)
15 verbose pkgid express@1.0.0
16 verbose cwd E:\视频\web\untitled2\placeA\express
17 error Windows_NT 10.0.14393
18 error argv "F:\\node\\node.exe" "F:\\node\\node_modules\\npm\\bin\\npm-cli.js" "run" "test"
19 error node v6.10.3
20 error npm  v3.10.10
21 error code ELIFECYCLE
22 error express@1.0.0 test: `echo "Error: no test specified" && exit 1`
22 error Exit status 1
23 error Failed at the express@1.0.0 test script 'echo "Error: no test specified" && exit 1'.
23 error Make sure you have the latest version of node.js and npm installed.
23 error If you do, this is most likely a problem with the express package,
23 error not with npm itself.
23 error Tell the author that this fails on your system:
23 error     echo "Error: no test specified" && exit 1
23 error You can get information on how to open an issue for this project with:
23 error     npm bugs express
23 error Or if that isn't available, you can get their info via:
23 error     npm owner ls express
23 error There is likely additional logging output above.
24 verbose exit [ 1, true ]
